<?xml version="1.0" encoding="UTF-8"?>
<!-- Generated by org.testng.reporters.JUnitReportReporter -->
<testsuite hostname="DESKTOP-HP840" failures="0" tests="1" name="com.qa.TestLayer.RegisterPageTest" time="0.869" errors="0" timestamp="2022-06-30T18:08:50 IST" skipped="0">
  <testcase classname="com.qa.TestLayer.RegisterPageTest" name="validateRegisterPage" time="0.869"/>
  <system-out/>
</testsuite> <!-- com.qa.TestLayer.RegisterPageTest -->
