<?xml version="1.0" encoding="UTF-8"?>
<!-- Generated by org.testng.reporters.JUnitReportReporter -->
<testsuite hostname="DESKTOP-HP840" failures="0" tests="1" name="com.qa.TestLayer.HomePageTest" time="10.065" errors="0" timestamp="2022-06-30T18:08:50 IST" skipped="0">
  <testcase classname="com.qa.TestLayer.HomePageTest" name="scrollDown" time="10.065"/>
  <system-out/>
</testsuite> <!-- com.qa.TestLayer.HomePageTest -->
