<?xml version="1.0" encoding="UTF-8"?>
<!-- Generated by org.testng.reporters.JUnitReportReporter -->
<testsuite hostname="Hanmant" failures="0" tests="1" name="practice.ExcelPractice" time="1.105" errors="0" timestamp="2022-07-08T13:21:28 IST" skipped="0">
  <testcase classname="practice.ExcelPractice" name="sheet1" time="1.105"/>
  <system-out/>
</testsuite> <!-- practice.ExcelPractice -->
