<?xml version="1.0" encoding="UTF-8"?>
<!-- Generated by org.testng.reporters.JUnitReportReporter -->
<testsuite hostname="Hanmant" failures="0" tests="1" name="dataDrivenTestingPractice.ExcelSheetHandeling" time="2.320" errors="0" timestamp="2022-07-08T12:15:24 IST" skipped="0">
  <testcase classname="dataDrivenTestingPractice.ExcelSheetHandeling" name="handel" time="2.320"/>
  <system-out/>
</testsuite> <!-- dataDrivenTestingPractice.ExcelSheetHandeling -->
