<?xml version="1.0" encoding="UTF-8"?>
<!-- Generated by org.testng.reporters.JUnitReportReporter -->
<testsuite hostname="Hanmant" failures="0" tests="1" name="com.qa.testLayer.HomePageTest" time="0.140" errors="0" timestamp="2022-07-06T14:58:27 IST" skipped="0">
  <testcase classname="com.qa.testLayer.HomePageTest" name="logo" time="0.140"/>
  <system-out/>
</testsuite> <!-- com.qa.testLayer.HomePageTest -->
