<?xml version="1.0" encoding="UTF-8"?>
<!-- Generated by org.testng.reporters.JUnitReportReporter -->
<testsuite hostname="DESKTOP-HP840" failures="0" tests="1" name="com.OrangeHRM.TestLayer.HomePageTest" time="0.008" errors="0" timestamp="2022-06-28T11:21:18 IST" skipped="0">
  <testcase classname="com.OrangeHRM.TestLayer.HomePageTest" name="homePage" time="0.008"/>
  <system-out/>
</testsuite> <!-- com.OrangeHRM.TestLayer.HomePageTest -->
