<?xml version="1.0" encoding="UTF-8"?>
<!-- Generated by org.testng.reporters.JUnitReportReporter -->
<testsuite hostname="Hanmant" failures="0" tests="1" name="com.OrangeHRM.TestLayer.LoginPageTest" time="1.867" errors="0" timestamp="2022-07-06T14:12:15 IST" skipped="0">
  <testcase classname="com.OrangeHRM.TestLayer.LoginPageTest" name="login" time="1.867"/>
  <system-out/>
</testsuite> <!-- com.OrangeHRM.TestLayer.LoginPageTest -->
