<?xml version="1.0" encoding="UTF-8"?>
<!-- Generated by org.testng.reporters.JUnitReportReporter -->
<testsuite hostname="Hanmant" failures="0" tests="4" name="com.qa.TestLayer.HomePageTest" time="1.014" errors="0" timestamp="2022-07-12T16:16:17 IST" skipped="0">
  <testcase classname="com.qa.TestLayer.HomePageTest" name="verifyTitle" time="0.028"/>
  <system-out/>
  <testcase classname="com.qa.TestLayer.HomePageTest" name="clickXpathPractice" time="0.804"/>
  <system-out/>
  <testcase classname="com.qa.TestLayer.HomePageTest" name="moveToSelenuimPractice" time="0.025"/>
  <system-out/>
  <testcase classname="com.qa.TestLayer.HomePageTest" name="verifyLogo" time="0.157"/>
  <system-out/>
</testsuite> <!-- com.qa.TestLayer.HomePageTest -->
